<?xml version="1.0" encoding="UTF-8"?>
<testsuite xmlns:xsi="http://www.w3.org/2001/XMLSchema-instance" xsi:noNamespaceSchemaLocation="https://maven.apache.org/surefire/maven-surefire-plugin/xsd/surefire-test-report-3.0.xsd" version="3.0" name="AutoRegister Page Functionality" time="36.487" tests="4" errors="0" skipped="0" failures="0">
  <properties>
[...]
</properties>
  <testcase name="Verify User able to login with correct credentials" classname="AutoRegister Page Functionality" time="10.72">
    <system-out><![CDATA[
Scenario: Verify User able to login with correct credentials               &amp#27;[90m# src/test/resources/smoke/SmokeTest.feature:3&amp#27;[0m
Test
Test
Test
  &amp#27;[32mGiven &amp#27;[0m&amp#27;[32mUser navigates to login page &amp#27;[0m&amp#27;[32m&amp#27;[1m"https://ntkhr.noortecktraining.com/"&amp#27;[0m &amp#27;[90m# com.steps.LoginStep.user_navigates_to_login_page(java.lang.String)&amp#27;[0m
  &amp#27;[32mWhen &amp#27;[0m&amp#27;[32mUser enters username &amp#27;[0m&amp#27;[32m&amp#27;[1m"ntk-admin"&amp#27;[0m                                    &amp#27;[90m# com.steps.LoginStep.user_enters_username(java.lang.String)&amp#27;[0m
  &amp#27;[32mAnd &amp#27;[0m&amp#27;[32mUser enters password &amp#27;[0m&amp#27;[32m&amp#27;[1m"Ntk-orange!admin.123"&amp#27;[0m                          &amp#27;[90m# com.steps.LoginStep.user_enters_password(java.lang.String)&amp#27;[0m
  &amp#27;[32mAnd &amp#27;[0m&amp#27;[32mUser clicks login button&amp#27;[0m                                             &amp#27;[90m# com.steps.LoginStep.user_clicks_login_button()&amp#27;[0m
Page Header... Dashboard
OrangeHRM
  &amp#27;[32mThen &amp#27;[0m&amp#27;[32mSystem redirects to dashboard page &amp#27;[0m&amp#27;[32m&amp#27;[1m"Dashboard"&amp#27;[0m                      &amp#27;[90m# com.steps.LoginStep.system_redirects_to_dashboard_page(java.lang.String)&amp#27;[0m
]]></system-out>
    <system-err><![CDATA[SLF4J: Failed to load class "org.slf4j.impl.StaticLoggerBinder".
SLF4J: Defaulting to no-operation (NOP) logger implementation
SLF4J: See http://www.slf4j.org/codes.html#StaticLoggerBinder for further details.
Starting Microsoft Edge WebDriver 123.0.2420.65 (49b6a5859239c32604bcefee0b98e103c0a9bdae) on port 21034
To submit feedback, report a bug, or suggest new features, please visit https://github.com/MicrosoftEdge/EdgeWebDriver

Only local connections are allowed.
Please see https://aka.ms/WebDriverSecurity for suggestions on keeping Microsoft Edge WebDriver safe.

Microsoft Edge WebDriver was started successfully.
Apr 03, 2024 6:54:25 PM org.openqa.selenium.remote.ProtocolHandshake createSession
INFO: Detected dialect: W3C
]]></system-err>
  </testcase>
  <testcase name="Verify User able to login with correct credentials FAIL #1" classname="AutoRegister Page Functionality" time="8.698">
    <system-out><![CDATA[
Scenario: Verify User able to login with correct credentials FAIL          &amp#27;[90m# src/test/resources/smoke/SmokeTest.feature:10&amp#27;[0m
Test
Test
Test
  &amp#27;[32mGiven &amp#27;[0m&amp#27;[32mUser navigates to login page &amp#27;[0m&amp#27;[32m&amp#27;[1m"https://ntkhr.noortecktraining.com/"&amp#27;[0m &amp#27;[90m# com.steps.LoginStep.user_navigates_to_login_page(java.lang.String)&amp#27;[0m
  &amp#27;[32mWhen &amp#27;[0m&amp#27;[32mUser enters username &amp#27;[0m&amp#27;[32m&amp#27;[1m"ntk-admin"&amp#27;[0m                                    &amp#27;[90m# com.steps.LoginStep.user_enters_username(java.lang.String)&amp#27;[0m
  &amp#27;[32mAnd &amp#27;[0m&amp#27;[32mUser enters password &amp#27;[0m&amp#27;[32m&amp#27;[1m"Ntk-orange!admin.123"&amp#27;[0m                          &amp#27;[90m# com.steps.LoginStep.user_enters_password(java.lang.String)&amp#27;[0m
  &amp#27;[32mAnd &amp#27;[0m&amp#27;[32mUser clicks login button&amp#27;[0m                                             &amp#27;[90m# com.steps.LoginStep.user_clicks_login_button()&amp#27;[0m
Page Header... Dashboard
OrangeHRM
  &amp#27;[32mThen &amp#27;[0m&amp#27;[32mSystem redirects to dashboard page &amp#27;[0m&amp#27;[32m&amp#27;[1m"Dashboard"&amp#27;[0m                      &amp#27;[90m# com.steps.LoginStep.system_redirects_to_dashboard_page(java.lang.String)&amp#27;[0m
aseetion failure...
DONE...
  &amp#27;[32mThen &amp#27;[0m&amp#27;[32mSystem redirects to dashboard pages &amp#27;[0m&amp#27;[32m&amp#27;[1m"Failed"&amp#27;[0m                        &amp#27;[90m# com.steps.LoginStep.system_redirects_to_dashboard_pages(java.lang.String)&amp#27;[0m
]]></system-out>
    <system-err><![CDATA[Starting Microsoft Edge WebDriver 123.0.2420.65 (49b6a5859239c32604bcefee0b98e103c0a9bdae) on port 40003
To submit feedback, report a bug, or suggest new features, please visit https://github.com/MicrosoftEdge/EdgeWebDriver

Only local connections are allowed.
Please see https://aka.ms/WebDriverSecurity for suggestions on keeping Microsoft Edge WebDriver safe.

Microsoft Edge WebDriver was started successfully.
Apr 03, 2024 6:54:33 PM org.openqa.selenium.remote.ProtocolHandshake createSession
INFO: Detected dialect: W3C
]]></system-err>
  </testcase>
  <testcase name="Verify User able to login with correct credentials FAIL #2" classname="AutoRegister Page Functionality" time="8.52">
    <system-out><![CDATA[
Scenario: Verify User able to login with correct credentials FAIL          &amp#27;[90m# src/test/resources/smoke/SmokeTest.feature:18&amp#27;[0m
Test
Test
Test
  &amp#27;[32mGiven &amp#27;[0m&amp#27;[32mUser navigates to login page &amp#27;[0m&amp#27;[32m&amp#27;[1m"https://ntkhr.noortecktraining.com/"&amp#27;[0m &amp#27;[90m# com.steps.LoginStep.user_navigates_to_login_page(java.lang.String)&amp#27;[0m
  &amp#27;[32mWhen &amp#27;[0m&amp#27;[32mUser enters username &amp#27;[0m&amp#27;[32m&amp#27;[1m"ntk-admin"&amp#27;[0m                                    &amp#27;[90m# com.steps.LoginStep.user_enters_username(java.lang.String)&amp#27;[0m
  &amp#27;[32mAnd &amp#27;[0m&amp#27;[32mUser enters password &amp#27;[0m&amp#27;[32m&amp#27;[1m"Ntk-orange!admin.123"&amp#27;[0m                          &amp#27;[90m# com.steps.LoginStep.user_enters_password(java.lang.String)&amp#27;[0m
  &amp#27;[32mAnd &amp#27;[0m&amp#27;[32mUser clicks login button&amp#27;[0m                                             &amp#27;[90m# com.steps.LoginStep.user_clicks_login_button()&amp#27;[0m
Page Header... Dashboard
OrangeHRM
  &amp#27;[32mThen &amp#27;[0m&amp#27;[32mSystem redirects to dashboard page &amp#27;[0m&amp#27;[32m&amp#27;[1m"Dashboard"&amp#27;[0m                      &amp#27;[90m# com.steps.LoginStep.system_redirects_to_dashboard_page(java.lang.String)&amp#27;[0m
aseetion failure...
DONE...
  &amp#27;[32mThen &amp#27;[0m&amp#27;[32mSystem redirects to dashboard pages &amp#27;[0m&amp#27;[32m&amp#27;[1m"Failed"&amp#27;[0m                        &amp#27;[90m# com.steps.LoginStep.system_redirects_to_dashboard_pages(java.lang.String)&amp#27;[0m
]]></system-out>
    <system-err><![CDATA[Starting Microsoft Edge WebDriver 123.0.2420.65 (49b6a5859239c32604bcefee0b98e103c0a9bdae) on port 11408
To submit feedback, report a bug, or suggest new features, please visit https://github.com/MicrosoftEdge/EdgeWebDriver

Only local connections are allowed.
Please see https://aka.ms/WebDriverSecurity for suggestions on keeping Microsoft Edge WebDriver safe.

Microsoft Edge WebDriver was started successfully.
Apr 03, 2024 6:54:42 PM org.openqa.selenium.remote.ProtocolHandshake createSession
INFO: Detected dialect: W3C
]]></system-err>
  </testcase>
  <testcase name="Verify User able to login with correct credentials FAIL #3" classname="AutoRegister Page Functionality" time="8.505">
    <system-out><![CDATA[
Scenario: Verify User able to login with correct credentials FAIL          &amp#27;[90m# src/test/resources/smoke/SmokeTest.feature:26&amp#27;[0m
Test
Test
Test
  &amp#27;[32mGiven &amp#27;[0m&amp#27;[32mUser navigates to login page &amp#27;[0m&amp#27;[32m&amp#27;[1m"https://ntkhr.noortecktraining.com/"&amp#27;[0m &amp#27;[90m# com.steps.LoginStep.user_navigates_to_login_page(java.lang.String)&amp#27;[0m
  &amp#27;[32mWhen &amp#27;[0m&amp#27;[32mUser enters username &amp#27;[0m&amp#27;[32m&amp#27;[1m"ntk-admin"&amp#27;[0m                                    &amp#27;[90m# com.steps.LoginStep.user_enters_username(java.lang.String)&amp#27;[0m
  &amp#27;[32mAnd &amp#27;[0m&amp#27;[32mUser enters password &amp#27;[0m&amp#27;[32m&amp#27;[1m"Ntk-orange!admin.123"&amp#27;[0m                          &amp#27;[90m# com.steps.LoginStep.user_enters_password(java.lang.String)&amp#27;[0m
  &amp#27;[32mAnd &amp#27;[0m&amp#27;[32mUser clicks login button&amp#27;[0m                                             &amp#27;[90m# com.steps.LoginStep.user_clicks_login_button()&amp#27;[0m
Page Header... Dashboard
OrangeHRM
  &amp#27;[32mThen &amp#27;[0m&amp#27;[32mSystem redirects to dashboard page &amp#27;[0m&amp#27;[32m&amp#27;[1m"Dashboard"&amp#27;[0m                      &amp#27;[90m# com.steps.LoginStep.system_redirects_to_dashboard_page(java.lang.String)&amp#27;[0m
aseetion failure...
DONE...
  &amp#27;[32mThen &amp#27;[0m&amp#27;[32mSystem redirects to dashboard pages &amp#27;[0m&amp#27;[32m&amp#27;[1m"Failed"&amp#27;[0m                        &amp#27;[90m# com.steps.LoginStep.system_redirects_to_dashboard_pages(java.lang.String)&amp#27;[0m
]]></system-out>
    <system-err><![CDATA[Starting Microsoft Edge WebDriver 123.0.2420.65 (49b6a5859239c32604bcefee0b98e103c0a9bdae) on port 37836
To submit feedback, report a bug, or suggest new features, please visit https://github.com/MicrosoftEdge/EdgeWebDriver

Only local connections are allowed.
Please see https://aka.ms/WebDriverSecurity for suggestions on keeping Microsoft Edge WebDriver safe.

Microsoft Edge WebDriver was started successfully.
Apr 03, 2024 6:54:50 PM org.openqa.selenium.remote.ProtocolHandshake createSession
INFO: Detected dialect: W3C
]]></system-err>
  </testcase>
</testsuite>